#
# A fatal error has been detected by the Java Runtime Environment:
#
#  EXCEPTION_ACCESS_VIOLATION (0xc0000005) at pc=0x00007ff9bce25b88, pid=20528, tid=19692
#
# JRE version: Java(TM) SE Runtime Environment (21.0.2+13) (build 21.0.2+13-LTS-58)
# Java VM: Java HotSpot(TM) 64-Bit Server VM (21.0.2+13-LTS-58, mixed mode, sharing, tiered, compressed oops, compressed class ptrs, g1 gc, windows-amd64)
# Problematic frame:
# V  [jvm.dll+0x9e5b88]
#
# No core dump will be written. Minidumps are not enabled by default on client versions of Windows
#
# If you would like to submit a bug report, please visit:
#   https://bugreport.java.com/bugreport/crash.jsp
# The crash happened outside the Java Virtual Machine in native code.
# See problematic frame for where to report the bug.
#

---------------  S U M M A R Y ------------

Command Line: --add-opens=java.base/java.util=ALL-UNNAMED --add-opens=java.base/java.lang=ALL-UNNAMED --add-opens=java.base/java.lang.invoke=ALL-UNNAMED --add-opens=java.prefs/java.util.prefs=ALL-UNNAMED --add-exports=jdk.compiler/com.sun.tools.javac.api=ALL-UNNAMED --add-exports=jdk.compiler/com.sun.tools.javac.util=ALL-UNNAMED --add-opens=java.base/java.nio.charset=ALL-UNNAMED --add-opens=java.base/java.net=ALL-UNNAMED --add-opens=java.base/java.util.concurrent.atomic=ALL-UNNAMED -Xmx2048m -Dfile.encoding=UTF-8 -Duser.country=US -Duser.language=en -Duser.variant -javaagent:C:\Users\Cairo\.gradle\wrapper\dists\gradle-8.10.2-bin\a04bxjujx95o3nb99gddekhwo\gradle-8.10.2\lib\agents\gradle-instrumentation-agent-8.10.2.jar org.gradle.launcher.daemon.bootstrap.GradleDaemon 8.10.2

Host: AMD Athlon Gold 3150U with Radeon Graphics     , 4 cores, 13G,  Windows 11 , 64 bit Build 26100 (10.0.26100.3624)
Time: Sat Apr  5 18:22:11 2025 Central Daylight Time elapsed time: 799.602418 seconds (0d 0h 13m 19s)

---------------  T H R E A D  ---------------

Current thread (0x0000020b9805aeb0):  JavaThread "File watcher server" daemon [_thread_in_native, id=19692, stack(0x0000002776d00000,0x0000002776e00000) (1024K)]

Stack: [0x0000002776d00000,0x0000002776e00000],  sp=0x0000002776dfecf8,  free space=1019k
Native frames: (J=compiled Java code, j=interpreted, Vv=VM code, C=native code)
V  [jvm.dll+0x9e5b88]

Java frames: (J=compiled Java code, j=interpreted, Vv=VM code)
j  net.rubygrapefruit.platform.internal.jni.AbstractNativeFileEventFunctions$NativeFileWatcher.executeRunLoop0(Ljava/lang/Object;)V+0
j  net.rubygrapefruit.platform.internal.jni.AbstractNativeFileEventFunctions$NativeFileWatcher.executeRunLoop()V+5
j  net.rubygrapefruit.platform.internal.jni.AbstractFileEventFunctions$AbstractFileWatcher$1.run()V+21
v  ~StubRoutines::call_stub 0x0000020b42b7100d

siginfo: EXCEPTION_ACCESS_VIOLATION (0xc0000005), data execution prevention violation at address 0x00007ff9bce25b88


Registers:
RAX=0x00007ff9bce25b88, RBX=0x0000000000000000, RCX=0x00000027768f9d08, RDX=0x0000000000000000
RSP=0x0000002776dfecf8, RBP=0x0000000000000000, RSI=0x00000027768f9d00, RDI=0x00000027768f9cc0
R8 =0x0000020b30e90f00, R9 =0x0000020b972f65d0, R10=0x0000020b30e90000, R11=0x0000000000000246
R12=0x0000000000000000, R13=0x0000020b9240bdc0, R14=0x0000000000000000, R15=0x0000020b9805aeb0
RIP=0x00007ff9bce25b88, EFLAGS=0x0000000000010293


Register to memory mapping:

RAX=0x00007ff9bce25b88 jvm.dll
RBX=0x0 is null
RCX=0x00000027768f9d08 is pointing into the stack for thread: 0x0000020b96279170
RDX=0x0 is null
RSP=0x0000002776dfecf8 is pointing into the stack for thread: 0x0000020b9805aeb0
RBP=0x0 is null
RSI=0x00000027768f9d00 is pointing into the stack for thread: 0x0000020b96279170
RDI=0x00000027768f9cc0 is pointing into the stack for thread: 0x0000020b96279170
R8 =0x0000020b30e90f00 points into unknown readable memory: 0x0000020b30e90cc0 | c0 0c e9 30 0b 02 00 00
R9 =0x0000020b972f65d0 points into unknown readable memory: 0x0000020b981150f0 | f0 50 11 98 0b 02 00 00
R10=0x0000020b30e90000 points into unknown readable memory: 0x0000000000000000 | 00 00 00 00 00 00 00 00
R11=0x0000000000000246 is an unknown value
R12=0x0 is null
R13={method} {0x0000020b9240bdc8} 'executeRunLoop0' '(Ljava/lang/Object;)V' in 'net/rubygrapefruit/platform/internal/jni/AbstractNativeFileEventFunctions$NativeFileWatcher'
R14=0x0 is null
R15=0x0000020b9805aeb0 is a thread

Top of Stack: (sp=0x0000002776dfecf8)
0x0000002776dfecf8:   00007ffa4c586449 0000000000000003
0x0000002776dfed08:   0000020b5043dbb0 0000000000000000
0x0000002776dfed18:   00007ffa4c5631d3 0000020b9723f8c8
0x0000002776dfed28:   0000000000000000 0000f9ce250bc259
0x0000002776dfed38:   00007ffa4c56db23 0000000000000000
0x0000002776dfed48:   00000027768f9cc0 00007ffa4c55f1f0
0x0000002776dfed58:   00007ffa4c57713b 00000027768f9d00
0x0000002776dfed68:   00007ff9bc807e52 0000000000000000
0x0000002776dfed78:   00007ffa4c56c04e 0000020b9723f8c0
0x0000002776dfed88:   00007ffa4c569346 00000027768f9d00
0x0000002776dfed98:   0000002776dff110 0000020b9723f8c0
0x0000002776dfeda8:   0000000000000000 0000000000000000
0x0000002776dfedb8:   00007ffa4c576562 0000002776dfee00
0x0000002776dfedc8:   00000027768f9d00 0000000000000000
0x0000002776dfedd8:   0000000000000000 0000000000000001
0x0000002776dfede8:   0000000000000000 0000000000000000
0x0000002776dfedf8:   0000000000000000 00000027768f9d00
0x0000002776dfee08:   0000000000000000 0000000000000000
0x0000002776dfee18:   00007ffa4c55f20d 00000027768f9cc0
0x0000002776dfee28:   0000000000000000 0000000000000000
0x0000002776dfee38:   00007ff9bc747ce9 00000027768f9cc0
0x0000002776dfee48:   0000000000000000 0000020b96bb9840
0x0000002776dfee58:   00007ffab00982b3 00000027768f9cc0
0x0000002776dfee68:   0000000000000000 0000000000000000
0x0000002776dfee78:   0000000000000000 0000000000000048
0x0000002776dfee88:   0000000000000001 0000000000000000
0x0000002776dfee98:   0000000000000000 0000000000000030
0x0000002776dfeea8:   ffffffffffffffff ffffffffffffffff
0x0000002776dfeeb8:   00007ffab00982a7 0000000000000000
0x0000002776dfeec8:   0000002776dfeee0 0000000000000001
0x0000002776dfeed8:   00007ffab01bfece 0000002776dff510
0x0000002776dfeee8:   0000002774959000 0000000000000000 

Instructions: (pc=0x00007ff9bce25b88)
0x00007ff9bce25a88:   65 00 00 00 00 00 00 00 61 6e 6e 6f 74 61 74 69
0x00007ff9bce25a98:   6f 6e 73 00 00 00 00 00 74 79 70 65 41 6e 6e 6f
0x00007ff9bce25aa8:   74 61 74 69 6f 6e 73 00 20 28 6d 61 79 5f 62 65
0x00007ff9bce25ab8:   5f 6a 61 76 61 29 00 00 49 6e 76 61 6c 69 64 20
0x00007ff9bce25ac8:   6c 61 79 6f 75 74 20 6f 66 20 25 73 20 61 74 20
0x00007ff9bce25ad8:   25 73 2f 25 73 25 73 00 05 00 00 00 00 00 00 00
0x00007ff9bce25ae8:   18 00 00 00 0d 00 00 00 0e 00 00 00 00 00 00 00
0x00007ff9bce25af8:   0f 00 00 00 00 00 00 00 00 00 00 00 00 00 00 00
0x00007ff9bce25b08:   10 00 00 00 00 00 00 00 73 5c 6f 70 65 6e 5c 73
0x00007ff9bce25b18:   72 63 5c 68 6f 74 73 70 6f 74 5c 6f 73 5c 77 69
0x00007ff9bce25b28:   6e 64 6f 77 73 5c 70 61 72 6b 5f 77 69 6e 64 6f
0x00007ff9bce25b38:   77 73 2e 68 70 70 00 00 67 75 61 72 61 6e 74 65
0x00007ff9bce25b48:   65 28 5f 50 61 72 6b 48 61 6e 64 6c 65 20 21 3d
0x00007ff9bce25b58:   20 6e 75 6c 6c 70 74 72 29 20 66 61 69 6c 65 64
0x00007ff9bce25b68:   00 00 00 00 00 00 00 00 55 6e 6b 6e 6f 77 6e 20
0x00007ff9bce25b78:   74 68 72 65 61 64 00 00 38 4a f2 bc f9 7f 00 00
0x00007ff9bce25b88:   60 8e 44 bc f9 7f 00 00 c0 a0 6a bc f9 7f 00 00
0x00007ff9bce25b98:   20 be 82 bc f9 7f 00 00 b0 f5 82 bc f9 7f 00 00
0x00007ff9bce25ba8:   60 8e 44 bc f9 7f 00 00 d0 e4 82 bc f9 7f 00 00
0x00007ff9bce25bb8:   a0 b4 4a bc f9 7f 00 00 e0 35 45 bc f9 7f 00 00
0x00007ff9bce25bc8:   a0 b4 4a bc f9 7f 00 00 a0 b4 4a bc f9 7f 00 00
0x00007ff9bce25bd8:   a0 b4 4a bc f9 7f 00 00 a0 b4 4a bc f9 7f 00 00
0x00007ff9bce25be8:   a0 b4 4a bc f9 7f 00 00 a0 b4 4a bc f9 7f 00 00
0x00007ff9bce25bf8:   a0 b4 4a bc f9 7f 00 00 a0 b4 4a bc f9 7f 00 00
0x00007ff9bce25c08:   a0 b4 4a bc f9 7f 00 00 a0 b4 4a bc f9 7f 00 00
0x00007ff9bce25c18:   e0 35 45 bc f9 7f 00 00 d0 a0 6a bc f9 7f 00 00
0x00007ff9bce25c28:   a0 de 82 bc f9 7f 00 00 30 a1 6a bc f9 7f 00 00
0x00007ff9bce25c38:   50 e2 82 bc f9 7f 00 00 d0 e0 82 bc f9 7f 00 00
0x00007ff9bce25c48:   b0 db 82 bc f9 7f 00 00 10 a1 6a bc f9 7f 00 00
0x00007ff9bce25c58:   60 eb 82 bc f9 7f 00 00 70 df 82 bc f9 7f 00 00
0x00007ff9bce25c68:   60 4a f2 bc f9 7f 00 00 e0 c9 82 bc f9 7f 00 00
0x00007ff9bce25c78:   a0 bc 82 bc f9 7f 00 00 e0 35 45 bc f9 7f 00 00 


Stack slot to memory mapping:

stack at sp + 0 slots: 0x00007ffa4c586449 native-platform-file-events.dll
stack at sp + 1 slots: 0x0000000000000003 is an unknown value
stack at sp + 2 slots: 0x0000020b5043dbb0 is pointing into metadata
stack at sp + 3 slots: 0x0 is null
stack at sp + 4 slots: 0x00007ffa4c5631d3 native-platform-file-events.dll
stack at sp + 5 slots: 0x0000020b9723f8c8 points into unknown readable memory: 0x0000020b97230ee0 | e0 0e 23 97 0b 02 00 00
stack at sp + 6 slots: 0x0 is null
stack at sp + 7 slots: 0x0000f9ce250bc259 is an unknown value


---------------  P R O C E S S  ---------------

Threads class SMR info:
_java_thread_list=0x0000020b97fdcb80, length=32, elements={
0x0000020b310798f0, 0x0000020b4f357bf0, 0x0000020b4f358650, 0x0000020b4f3592b0,
0x0000020b4f35bd20, 0x0000020b4f35e790, 0x0000020b4f35f1f0, 0x0000020b4f35ff80,
0x0000020b4f4df480, 0x0000020b4f58d180, 0x0000020b4f73df50, 0x0000020b959effe0,
0x0000020b96366430, 0x0000020b4f7dbd20, 0x0000020b9547e500, 0x0000020b96454700,
0x0000020b96278b00, 0x0000020b96279170, 0x0000020b963e53c0, 0x0000020b963e5a50,
0x0000020b963e46a0, 0x0000020b963e60e0, 0x0000020b963e7490, 0x0000020b963e4010,
0x0000020b963e6e00, 0x0000020b963e4d30, 0x0000020b9805aeb0, 0x0000020b9805c260,
0x0000020b9805bbd0, 0x0000020b9805c8f0, 0x0000020b98059b00, 0x0000020b9805a190
}

Java Threads: ( => current thread )
  0x0000020b310798f0 JavaThread "main"                              [_thread_blocked, id=11136, stack(0x0000002774d00000,0x0000002774e00000) (1024K)]
  0x0000020b4f357bf0 JavaThread "Reference Handler"          daemon [_thread_blocked, id=19480, stack(0x0000002775600000,0x0000002775700000) (1024K)]
  0x0000020b4f358650 JavaThread "Finalizer"                  daemon [_thread_blocked, id=2620, stack(0x0000002775700000,0x0000002775800000) (1024K)]
  0x0000020b4f3592b0 JavaThread "Signal Dispatcher"          daemon [_thread_blocked, id=17968, stack(0x0000002775800000,0x0000002775900000) (1024K)]
  0x0000020b4f35bd20 JavaThread "Attach Listener"            daemon [_thread_blocked, id=17696, stack(0x0000002775900000,0x0000002775a00000) (1024K)]
  0x0000020b4f35e790 JavaThread "Service Thread"             daemon [_thread_blocked, id=14128, stack(0x0000002775a00000,0x0000002775b00000) (1024K)]
  0x0000020b4f35f1f0 JavaThread "Monitor Deflation Thread"   daemon [_thread_blocked, id=1688, stack(0x0000002775b00000,0x0000002775c00000) (1024K)]
  0x0000020b4f35ff80 JavaThread "C2 CompilerThread0"         daemon [_thread_blocked, id=636, stack(0x0000002775c00000,0x0000002775d00000) (1024K)]
  0x0000020b4f4df480 JavaThread "C1 CompilerThread0"         daemon [_thread_blocked, id=7672, stack(0x0000002775d00000,0x0000002775e00000) (1024K)]
  0x0000020b4f58d180 JavaThread "Common-Cleaner"             daemon [_thread_blocked, id=10968, stack(0x0000002775e00000,0x0000002775f00000) (1024K)]
  0x0000020b4f73df50 JavaThread "Notification Thread"        daemon [_thread_blocked, id=20200, stack(0x0000002775f00000,0x0000002776000000) (1024K)]
  0x0000020b959effe0 JavaThread "Daemon health stats"               [_thread_blocked, id=15624, stack(0x0000002774c00000,0x0000002774d00000) (1024K)]
  0x0000020b96366430 JavaThread "Incoming local TCP Connector on port 54043"        [_thread_in_native, id=20636, stack(0x0000002776300000,0x0000002776400000) (1024K)]
  0x0000020b4f7dbd20 JavaThread "Daemon periodic checks"            [_thread_blocked, id=18816, stack(0x0000002776400000,0x0000002776500000) (1024K)]
  0x0000020b9547e500 JavaThread "Daemon"                            [_thread_blocked, id=18580, stack(0x0000002776500000,0x0000002776600000) (1024K)]
  0x0000020b96454700 JavaThread "Handler for socket connection from /127.0.0.1:54043 to /127.0.0.1:54044"        [_thread_in_native, id=18784, stack(0x0000002776600000,0x0000002776700000) (1024K)]
  0x0000020b96278b00 JavaThread "Cancel handler"                    [_thread_blocked, id=19520, stack(0x0000002776700000,0x0000002776800000) (1024K)]
  0x0000020b96279170 JavaThread "Daemon worker"                     [_thread_in_native, id=13812, stack(0x0000002776800000,0x0000002776900000) (1024K)]
  0x0000020b963e53c0 JavaThread "Asynchronous log dispatcher for DefaultDaemonConnection: socket connection from /127.0.0.1:54043 to /127.0.0.1:54044"        [_thread_blocked, id=14596, stack(0x0000002776900000,0x0000002776a00000) (1024K)]
  0x0000020b963e5a50 JavaThread "Stdin handler"                     [_thread_blocked, id=15080, stack(0x0000002776a00000,0x0000002776b00000) (1024K)]
  0x0000020b963e46a0 JavaThread "Daemon client event forwarder"        [_thread_blocked, id=12028, stack(0x0000002776b00000,0x0000002776c00000) (1024K)]
  0x0000020b963e60e0 JavaThread "Cache worker for journal cache (C:\Users\Cairo\.gradle\caches\journal-1)"        [_thread_blocked, id=3944, stack(0x0000002774b00000,0x0000002774c00000) (1024K)]
  0x0000020b963e7490 JavaThread "File lock request listener"        [_thread_in_native, id=4732, stack(0x0000002775500000,0x0000002775600000) (1024K)]
  0x0000020b963e4010 JavaThread "Cache worker for file hash cache (C:\Users\Cairo\.gradle\caches\8.10.2\fileHashes)"        [_thread_blocked, id=19176, stack(0x0000002776c00000,0x0000002776d00000) (1024K)]
  0x0000020b963e6e00 JavaThread "Cache worker for file hash cache (C:\Users\Cairo\Documents\ThoughtBattle\.gradle\8.10.2\fileHashes)"        [_thread_blocked, id=1768, stack(0x0000002776f00000,0x0000002777000000) (1024K)]
  0x0000020b963e4d30 JavaThread "Cache worker for Build Output Cleanup Cache (C:\Users\Cairo\Documents\ThoughtBattle\.gradle\buildOutputCleanup)"        [_thread_blocked, id=8252, stack(0x0000002777000000,0x0000002777100000) (1024K)]
=>0x0000020b9805aeb0 JavaThread "File watcher server"        daemon [_thread_in_native, id=19692, stack(0x0000002776d00000,0x0000002776e00000) (1024K)]
  0x0000020b9805c260 JavaThread "File watcher consumer"      daemon [_thread_blocked, id=17612, stack(0x0000002776e00000,0x0000002776f00000) (1024K)]
  0x0000020b9805bbd0 JavaThread "Cache worker for checksums cache (C:\Users\Cairo\Documents\ThoughtBattle\.gradle\8.10.2\checksums)"        [_thread_blocked, id=16160, stack(0x0000002777100000,0x0000002777200000) (1024K)]
  0x0000020b9805c8f0 JavaThread "Cache worker for file content cache (C:\Users\Cairo\.gradle\caches\8.10.2\fileContent)"        [_thread_blocked, id=6732, stack(0x0000002777200000,0x0000002777300000) (1024K)]
  0x0000020b98059b00 JavaThread "Cache worker for cache directory md-rule (C:\Users\Cairo\.gradle\caches\8.10.2\md-rule)"        [_thread_blocked, id=14256, stack(0x0000002777300000,0x0000002777400000) (1024K)]
  0x0000020b9805a190 JavaThread "Cache worker for cache directory md-supplier (C:\Users\Cairo\.gradle\caches\8.10.2\md-supplier)"        [_thread_blocked, id=14732, stack(0x0000002777400000,0x0000002777500000) (1024K)]
Total: 32

Other Threads:
  0x0000020b4f33b070 VMThread "VM Thread"                           [id=5772, stack(0x0000002775400000,0x0000002775500000) (1024K)]
  0x0000020b4f322ee0 WatcherThread "VM Periodic Task Thread"        [id=11644, stack(0x0000002775300000,0x0000002775400000) (1024K)]
  0x0000020b332351d0 WorkerThread "GC Thread#0"                     [id=1136, stack(0x0000002774e00000,0x0000002774f00000) (1024K)]
  0x0000020b95099090 WorkerThread "GC Thread#1"                     [id=18556, stack(0x0000002776000000,0x0000002776100000) (1024K)]
  0x0000020b95099430 WorkerThread "GC Thread#2"                     [id=16196, stack(0x0000002776100000,0x0000002776200000) (1024K)]
  0x0000020b950997d0 WorkerThread "GC Thread#3"                     [id=18672, stack(0x0000002776200000,0x0000002776300000) (1024K)]
  0x0000020b332460c0 ConcurrentGCThread "G1 Main Marker"            [id=13136, stack(0x0000002774f00000,0x0000002775000000) (1024K)]
  0x0000020b33246ad0 WorkerThread "G1 Conc#0"                       [id=20640, stack(0x0000002775000000,0x0000002775100000) (1024K)]
  0x0000020b4f1ee1e0 ConcurrentGCThread "G1 Refine#0"               [id=18160, stack(0x0000002775100000,0x0000002775200000) (1024K)]
  0x0000020b4f1eea00 ConcurrentGCThread "G1 Service"                [id=16876, stack(0x0000002775200000,0x0000002775300000) (1024K)]
Total: 10

Threads with active compile tasks:
Total: 0

VM state: not at safepoint (normal execution)

VM Mutex/Monitor currently owned by a thread: None

Heap address: 0x0000000080000000, size: 2048 MB, Compressed Oops mode: 32-bit

CDS archive(s) mapped at: [0x0000020b50000000-0x0000020b50c90000-0x0000020b50c90000), size 13172736, SharedBaseAddress: 0x0000020b50000000, ArchiveRelocationMode: 1.
Compressed class space mapped at: 0x0000020b51000000-0x0000020b91000000, reserved size: 1073741824
Narrow klass base: 0x0000020b50000000, Narrow klass shift: 0, Narrow klass range: 0x100000000

GC Precious Log:
 CardTable entry size: 512
 Card Set container configuration: InlinePtr #cards 5 size 8 Array Of Cards #cards 12 size 40 Howl #buckets 4 coarsen threshold 1843 Howl Bitmap #cards 512 size 80 coarsen threshold 460 Card regions per heap region 1 cards per card region 2048
 CPUs: 4 total, 4 available
 Memory: 14255M
 Large Page Support: Disabled
 NUMA Support: Disabled
 Compressed Oops: Enabled (32-bit)
 Heap Region Size: 1M
 Heap Min Capacity: 8M
 Heap Initial Capacity: 224M
 Heap Max Capacity: 2G
 Pre-touch: Disabled
 Parallel Workers: 4
 Concurrent Workers: 1
 Concurrent Refinement Workers: 4
 Periodic GC: Disabled

Heap:
 garbage-first heap   total 89088K, used 68960K [0x0000000080000000, 0x0000000100000000)
  region size 1024K, 38 young (38912K), 5 survivors (5120K)
 Metaspace       used 48037K, committed 49536K, reserved 1114112K
  class space    used 6856K, committed 7616K, reserved 1048576K

Heap Regions: E=young(eden), S=young(survivor), O=old, HS=humongous(starts), HC=humongous(continues), CS=collection set, F=free, TAMS=top-at-mark-start, PB=parsable bottom
|   0|0x0000000080000000, 0x0000000080100000, 0x0000000080100000|100%|HS|  |TAMS 0x0000000080000000| PB 0x0000000080000000| Complete 
|   1|0x0000000080100000, 0x0000000080200000, 0x0000000080200000|100%|HC|  |TAMS 0x0000000080100000| PB 0x0000000080100000| Complete 
|   2|0x0000000080200000, 0x0000000080300000, 0x0000000080300000|100%|HC|  |TAMS 0x0000000080200000| PB 0x0000000080200000| Complete 
|   3|0x0000000080300000, 0x0000000080400000, 0x0000000080400000|100%|HC|  |TAMS 0x0000000080300000| PB 0x0000000080300000| Complete 
|   4|0x0000000080400000, 0x0000000080400000, 0x0000000080500000|  0%| F|  |TAMS 0x0000000080400000| PB 0x0000000080400000| Untracked 
|   5|0x0000000080500000, 0x0000000080600000, 0x0000000080600000|100%| O|  |TAMS 0x0000000080500000| PB 0x0000000080500000| Untracked 
|   6|0x0000000080600000, 0x0000000080700000, 0x0000000080700000|100%| O|  |TAMS 0x0000000080600000| PB 0x0000000080600000| Untracked 
|   7|0x0000000080700000, 0x0000000080800000, 0x0000000080800000|100%|HS|  |TAMS 0x0000000080700000| PB 0x0000000080700000| Complete 
|   8|0x0000000080800000, 0x0000000080900000, 0x0000000080900000|100%| O|  |TAMS 0x0000000080800000| PB 0x0000000080800000| Untracked 
|   9|0x0000000080900000, 0x0000000080a00000, 0x0000000080a00000|100%| O|  |TAMS 0x0000000080900000| PB 0x0000000080900000| Untracked 
|  10|0x0000000080a00000, 0x0000000080b00000, 0x0000000080b00000|100%| O|  |TAMS 0x0000000080a00000| PB 0x0000000080a00000| Untracked 
|  11|0x0000000080b00000, 0x0000000080c00000, 0x0000000080c00000|100%| O|  |TAMS 0x0000000080b00000| PB 0x0000000080b00000| Untracked 
|  12|0x0000000080c00000, 0x0000000080d00000, 0x0000000080d00000|100%| O|  |TAMS 0x0000000080c00000| PB 0x0000000080c00000| Untracked 
|  13|0x0000000080d00000, 0x0000000080e00000, 0x0000000080e00000|100%| O|  |TAMS 0x0000000080d00000| PB 0x0000000080d00000| Untracked 
|  14|0x0000000080e00000, 0x0000000080f00000, 0x0000000080f00000|100%| O|  |TAMS 0x0000000080e00000| PB 0x0000000080e00000| Untracked 
|  15|0x0000000080f00000, 0x0000000081000000, 0x0000000081000000|100%| O|  |TAMS 0x0000000080f00000| PB 0x0000000080f00000| Untracked 
|  16|0x0000000081000000, 0x0000000081100000, 0x0000000081100000|100%| O|  |TAMS 0x0000000081000000| PB 0x0000000081000000| Untracked 
|  17|0x0000000081100000, 0x0000000081200000, 0x0000000081200000|100%| O|  |TAMS 0x0000000081100000| PB 0x0000000081100000| Untracked 
|  18|0x0000000081200000, 0x0000000081300000, 0x0000000081300000|100%| O|  |TAMS 0x0000000081200000| PB 0x0000000081200000| Untracked 
|  19|0x0000000081300000, 0x0000000081400000, 0x0000000081400000|100%| O|  |TAMS 0x0000000081300000| PB 0x0000000081300000| Untracked 
|  20|0x0000000081400000, 0x0000000081500000, 0x0000000081500000|100%| O|  |TAMS 0x0000000081400000| PB 0x0000000081400000| Untracked 
|  21|0x0000000081500000, 0x0000000081600000, 0x0000000081600000|100%| O|  |TAMS 0x0000000081500000| PB 0x0000000081500000| Untracked 
|  22|0x0000000081600000, 0x0000000081700000, 0x0000000081700000|100%| O|  |TAMS 0x0000000081600000| PB 0x0000000081600000| Untracked 
|  23|0x0000000081700000, 0x0000000081800000, 0x0000000081800000|100%| O|  |TAMS 0x0000000081700000| PB 0x0000000081700000| Untracked 
|  24|0x0000000081800000, 0x0000000081900000, 0x0000000081900000|100%| O|  |TAMS 0x0000000081800000| PB 0x0000000081800000| Untracked 
|  25|0x0000000081900000, 0x0000000081a00000, 0x0000000081a00000|100%| O|  |TAMS 0x0000000081900000| PB 0x0000000081900000| Untracked 
|  26|0x0000000081a00000, 0x0000000081b00000, 0x0000000081b00000|100%| O|  |TAMS 0x0000000081a00000| PB 0x0000000081a00000| Untracked 
|  27|0x0000000081b00000, 0x0000000081c00000, 0x0000000081c00000|100%| O|  |TAMS 0x0000000081b00000| PB 0x0000000081b00000| Untracked 
|  28|0x0000000081c00000, 0x0000000081d00000, 0x0000000081d00000|100%| O|  |TAMS 0x0000000081c00000| PB 0x0000000081c00000| Untracked 
|  29|0x0000000081d00000, 0x0000000081e00000, 0x0000000081e00000|100%| O|  |TAMS 0x0000000081d00000| PB 0x0000000081d00000| Untracked 
|  30|0x0000000081e00000, 0x0000000081e00000, 0x0000000081f00000|  0%| F|  |TAMS 0x0000000081e00000| PB 0x0000000081e00000| Untracked 
|  31|0x0000000081f00000, 0x0000000082000000, 0x0000000082000000|100%| O|  |TAMS 0x0000000081f00000| PB 0x0000000081f00000| Untracked 
|  32|0x0000000082000000, 0x0000000082000000, 0x0000000082100000|  0%| F|  |TAMS 0x0000000082000000| PB 0x0000000082000000| Untracked 
|  33|0x0000000082100000, 0x00000000821ab7f0, 0x0000000082200000| 66%| O|  |TAMS 0x0000000082100000| PB 0x0000000082100000| Untracked 
|  34|0x0000000082200000, 0x0000000082200000, 0x0000000082300000|  0%| F|  |TAMS 0x0000000082200000| PB 0x0000000082200000| Untracked 
|  35|0x0000000082300000, 0x0000000082300000, 0x0000000082400000|  0%| F|  |TAMS 0x0000000082300000| PB 0x0000000082300000| Untracked 
|  36|0x0000000082400000, 0x00000000824ac9d8, 0x0000000082500000| 67%| S|CS|TAMS 0x0000000082400000| PB 0x0000000082400000| Complete 
|  37|0x0000000082500000, 0x0000000082600000, 0x0000000082600000|100%| S|CS|TAMS 0x0000000082500000| PB 0x0000000082500000| Complete 
|  38|0x0000000082600000, 0x0000000082700000, 0x0000000082700000|100%| S|CS|TAMS 0x0000000082600000| PB 0x0000000082600000| Complete 
|  39|0x0000000082700000, 0x0000000082700000, 0x0000000082800000|  0%| F|  |TAMS 0x0000000082700000| PB 0x0000000082700000| Untracked 
|  40|0x0000000082800000, 0x0000000082800000, 0x0000000082900000|  0%| F|  |TAMS 0x0000000082800000| PB 0x0000000082800000| Untracked 
|  41|0x0000000082900000, 0x0000000082900000, 0x0000000082a00000|  0%| F|  |TAMS 0x0000000082900000| PB 0x0000000082900000| Untracked 
|  42|0x0000000082a00000, 0x0000000082b00000, 0x0000000082b00000|100%| S|CS|TAMS 0x0000000082a00000| PB 0x0000000082a00000| Complete 
|  43|0x0000000082b00000, 0x0000000082c00000, 0x0000000082c00000|100%| S|CS|TAMS 0x0000000082b00000| PB 0x0000000082b00000| Complete 
|  44|0x0000000082c00000, 0x0000000082c00000, 0x0000000082d00000|  0%| F|  |TAMS 0x0000000082c00000| PB 0x0000000082c00000| Untracked 
|  45|0x0000000082d00000, 0x0000000082d00000, 0x0000000082e00000|  0%| F|  |TAMS 0x0000000082d00000| PB 0x0000000082d00000| Untracked 
|  46|0x0000000082e00000, 0x0000000082e00000, 0x0000000082f00000|  0%| F|  |TAMS 0x0000000082e00000| PB 0x0000000082e00000| Untracked 
|  47|0x0000000082f00000, 0x0000000082f00000, 0x0000000083000000|  0%| F|  |TAMS 0x0000000082f00000| PB 0x0000000082f00000| Untracked 
|  48|0x0000000083000000, 0x0000000083000000, 0x0000000083100000|  0%| F|  |TAMS 0x0000000083000000| PB 0x0000000083000000| Untracked 
|  49|0x0000000083100000, 0x0000000083100000, 0x0000000083200000|  0%| F|  |TAMS 0x0000000083100000| PB 0x0000000083100000| Untracked 
|  50|0x0000000083200000, 0x0000000083200000, 0x0000000083300000|  0%| F|  |TAMS 0x0000000083200000| PB 0x0000000083200000| Untracked 
|  51|0x0000000083300000, 0x0000000083300000, 0x0000000083400000|  0%| F|  |TAMS 0x0000000083300000| PB 0x0000000083300000| Untracked 
|  52|0x0000000083400000, 0x0000000083400000, 0x0000000083500000|  0%| F|  |TAMS 0x0000000083400000| PB 0x0000000083400000| Untracked 
|  53|0x0000000083500000, 0x0000000083500000, 0x0000000083600000|  0%| F|  |TAMS 0x0000000083500000| PB 0x0000000083500000| Untracked 
|  54|0x0000000083600000, 0x0000000083682c78, 0x0000000083700000| 51%| E|  |TAMS 0x0000000083600000| PB 0x0000000083600000| Complete 
|  55|0x0000000083700000, 0x0000000083800000, 0x0000000083800000|100%| E|CS|TAMS 0x0000000083700000| PB 0x0000000083700000| Complete 
|  56|0x0000000083800000, 0x0000000083900000, 0x0000000083900000|100%| E|CS|TAMS 0x0000000083800000| PB 0x0000000083800000| Complete 
|  57|0x0000000083900000, 0x0000000083a00000, 0x0000000083a00000|100%| E|CS|TAMS 0x0000000083900000| PB 0x0000000083900000| Complete 
|  58|0x0000000083a00000, 0x0000000083b00000, 0x0000000083b00000|100%| E|CS|TAMS 0x0000000083a00000| PB 0x0000000083a00000| Complete 
|  59|0x0000000083b00000, 0x0000000083c00000, 0x0000000083c00000|100%| E|CS|TAMS 0x0000000083b00000| PB 0x0000000083b00000| Complete 
|  60|0x0000000083c00000, 0x0000000083d00000, 0x0000000083d00000|100%| E|CS|TAMS 0x0000000083c00000| PB 0x0000000083c00000| Complete 
|  61|0x0000000083d00000, 0x0000000083e00000, 0x0000000083e00000|100%| E|CS|TAMS 0x0000000083d00000| PB 0x0000000083d00000| Complete 
|  62|0x0000000083e00000, 0x0000000083f00000, 0x0000000083f00000|100%| E|CS|TAMS 0x0000000083e00000| PB 0x0000000083e00000| Complete 
|  63|0x0000000083f00000, 0x0000000084000000, 0x0000000084000000|100%| E|CS|TAMS 0x0000000083f00000| PB 0x0000000083f00000| Complete 
|  64|0x0000000084000000, 0x0000000084100000, 0x0000000084100000|100%| E|CS|TAMS 0x0000000084000000| PB 0x0000000084000000| Complete 
|  65|0x0000000084100000, 0x0000000084200000, 0x0000000084200000|100%| E|CS|TAMS 0x0000000084100000| PB 0x0000000084100000| Complete 
|  66|0x0000000084200000, 0x0000000084300000, 0x0000000084300000|100%| E|CS|TAMS 0x0000000084200000| PB 0x0000000084200000| Complete 
|  67|0x0000000084300000, 0x0000000084400000, 0x0000000084400000|100%| E|CS|TAMS 0x0000000084300000| PB 0x0000000084300000| Complete 
|  68|0x0000000084400000, 0x0000000084500000, 0x0000000084500000|100%| E|CS|TAMS 0x0000000084400000| PB 0x0000000084400000| Complete 
|  69|0x0000000084500000, 0x0000000084600000, 0x0000000084600000|100%| E|CS|TAMS 0x0000000084500000| PB 0x0000000084500000| Complete 
|  70|0x0000000084600000, 0x0000000084700000, 0x0000000084700000|100%| E|CS|TAMS 0x0000000084600000| PB 0x0000000084600000| Complete 
|  71|0x0000000084700000, 0x0000000084800000, 0x0000000084800000|100%| E|CS|TAMS 0x0000000084700000| PB 0x0000000084700000| Complete 
|  72|0x0000000084800000, 0x0000000084900000, 0x0000000084900000|100%| E|CS|TAMS 0x0000000084800000| PB 0x0000000084800000| Complete 
|  73|0x0000000084900000, 0x0000000084a00000, 0x0000000084a00000|100%| E|CS|TAMS 0x0000000084900000| PB 0x0000000084900000| Complete 
|  74|0x0000000084a00000, 0x0000000084b00000, 0x0000000084b00000|100%| E|CS|TAMS 0x0000000084a00000| PB 0x0000000084a00000| Complete 
|  75|0x0000000084b00000, 0x0000000084c00000, 0x0000000084c00000|100%| E|CS|TAMS 0x0000000084b00000| PB 0x0000000084b00000| Complete 
|  76|0x0000000084c00000, 0x0000000084d00000, 0x0000000084d00000|100%| E|CS|TAMS 0x0000000084c00000| PB 0x0000000084c00000| Complete 
|  77|0x0000000084d00000, 0x0000000084e00000, 0x0000000084e00000|100%| E|CS|TAMS 0x0000000084d00000| PB 0x0000000084d00000| Complete 
|  78|0x0000000084e00000, 0x0000000084f00000, 0x0000000084f00000|100%| E|CS|TAMS 0x0000000084e00000| PB 0x0000000084e00000| Complete 
|  79|0x0000000084f00000, 0x0000000085000000, 0x0000000085000000|100%| E|CS|TAMS 0x0000000084f00000| PB 0x0000000084f00000| Complete 
|  80|0x0000000085000000, 0x0000000085100000, 0x0000000085100000|100%| E|CS|TAMS 0x0000000085000000| PB 0x0000000085000000| Complete 
|  81|0x0000000085100000, 0x0000000085200000, 0x0000000085200000|100%| E|CS|TAMS 0x0000000085100000| PB 0x0000000085100000| Complete 
|  82|0x0000000085200000, 0x0000000085300000, 0x0000000085300000|100%| E|CS|TAMS 0x0000000085200000| PB 0x0000000085200000| Complete 
|  83|0x0000000085300000, 0x0000000085400000, 0x0000000085400000|100%| E|CS|TAMS 0x0000000085300000| PB 0x0000000085300000| Complete 
| 203|0x000000008cb00000, 0x000000008cc00000, 0x000000008cc00000|100%| E|CS|TAMS 0x000000008cb00000| PB 0x000000008cb00000| Complete 
| 204|0x000000008cc00000, 0x000000008cd00000, 0x000000008cd00000|100%| E|CS|TAMS 0x000000008cc00000| PB 0x000000008cc00000| Complete 
| 223|0x000000008df00000, 0x000000008e000000, 0x000000008e000000|100%| E|CS|TAMS 0x000000008df00000| PB 0x000000008df00000| Complete 

Card table byte_map: [0x0000020b4aa40000,0x0000020b4ae40000] _byte_map_base: 0x0000020b4a640000

Marking Bits: (CMBitMap*) 0x0000020b332357e0
 Bits: [0x0000020b4ae40000, 0x0000020b4ce40000)

Polling page: 0x0000020b31140000

Metaspace:

Usage:
  Non-class:     40.22 MB used.
      Class:      6.70 MB used.
       Both:     46.91 MB used.

Virtual space:
  Non-class space:       64.00 MB reserved,      40.94 MB ( 64%) committed,  1 nodes.
      Class space:        1.00 GB reserved,       7.44 MB ( <1%) committed,  1 nodes.
             Both:        1.06 GB reserved,      48.38 MB (  4%) committed. 

Chunk freelists:
   Non-Class:  6.20 MB
       Class:  8.54 MB
        Both:  14.74 MB

MaxMetaspaceSize: unlimited
CompressedClassSpaceSize: 1.00 GB
Initial GC threshold: 21.00 MB
Current GC threshold: 59.06 MB
CDS: on
 - commit_granule_bytes: 65536.
 - commit_granule_words: 8192.
 - virtual_space_node_default_size: 8388608.
 - enlarge_chunks_in_place: 1.
 - use_allocation_guard: 0.


Internal statistics:

num_allocs_failed_limit: 6.
num_arena_births: 2742.
num_arena_deaths: 0.
num_vsnodes_births: 2.
num_vsnodes_deaths: 0.
num_space_committed: 774.
num_space_uncommitted: 0.
num_chunks_returned_to_freelist: 6.
num_chunks_taken_from_freelist: 4961.
num_chunk_merges: 6.
num_chunk_splits: 3237.
num_chunks_enlarged: 1988.
num_inconsistent_stats: 0.

CodeHeap 'non-profiled nmethods': size=120000Kb used=2730Kb max_used=2730Kb free=117269Kb
 bounds [0x0000020b43110000, 0x0000020b433c0000, 0x0000020b4a640000]
CodeHeap 'profiled nmethods': size=120000Kb used=8974Kb max_used=8974Kb free=111025Kb
 bounds [0x0000020b3b640000, 0x0000020b3bf10000, 0x0000020b42b70000]
CodeHeap 'non-nmethods': size=5760Kb used=1977Kb max_used=1995Kb free=3783Kb
 bounds [0x0000020b42b70000, 0x0000020b42de0000, 0x0000020b43110000]
 total_blobs=5522 nmethods=4787 adapters=639
 compilation: enabled
              stopped_count=0, restarted_count=0
 full_count=0

Compilation events (20 events):
Event: 795.736 Thread 0x0000020b4f4df480 5392       1       org.gradle.cache.internal.DefaultFileLockManager::access$100 (5 bytes)
Event: 795.736 Thread 0x0000020b4f4df480 nmethod 5392 0x0000020b433b8590 code [0x0000020b433b8720, 0x0000020b433b87d0]
Event: 795.736 Thread 0x0000020b4f4df480 5393       1       org.gradle.cache.internal.filelock.DefaultLockOptions::isUseCrossVersionImplementation (5 bytes)
Event: 795.736 Thread 0x0000020b4f4df480 nmethod 5393 0x0000020b433b8890 code [0x0000020b433b8a20, 0x0000020b433b8af0]
Event: 795.736 Thread 0x0000020b4f4df480 5394       1       org.gradle.cache.internal.filelock.DefaultLockStateSerializer::getSize (3 bytes)
Event: 795.736 Thread 0x0000020b4f4df480 nmethod 5394 0x0000020b433b8b90 code [0x0000020b433b8d20, 0x0000020b433b8de8]
Event: 795.736 Thread 0x0000020b4f4df480 5395       1       org.gradle.cache.internal.filelock.LockStateAccess::getRegionEnd (5 bytes)
Event: 795.737 Thread 0x0000020b4f4df480 nmethod 5395 0x0000020b433b8e90 code [0x0000020b433b9020, 0x0000020b433b90e8]
Event: 795.737 Thread 0x0000020b4f4df480 5396       1       org.gradle.cache.internal.DefaultFileLockManager::access$600 (5 bytes)
Event: 795.737 Thread 0x0000020b4f4df480 nmethod 5396 0x0000020b433b9190 code [0x0000020b433b9320, 0x0000020b433b93d0]
Event: 799.548 Thread 0x0000020b4f35ff80 5397       4       java.lang.Thread::interrupted (7 bytes)
Event: 799.549 Thread 0x0000020b4f35ff80 nmethod 5397 0x0000020b433b9490 code [0x0000020b433b9620, 0x0000020b433b96b8]
Event: 799.569 Thread 0x0000020b4f35ff80 5398       4       org.gradle.internal.logging.text.AbstractLineChoppingStyledTextOutput$1::execute (9 bytes)
Event: 799.570 Thread 0x0000020b4f4df480 5399       2       org.gradle.internal.logging.text.AbstractLineChoppingStyledTextOutput$1::execute (140 bytes)
Event: 799.571 Thread 0x0000020b4f4df480 nmethod 5399 0x0000020b3bf02110 code [0x0000020b3bf02360, 0x0000020b3bf02858]
Event: 799.572 Thread 0x0000020b4f4df480 5400       2       org.gradle.internal.logging.text.AbstractLineChoppingStyledTextOutput$2::execute (77 bytes)
Event: 799.573 Thread 0x0000020b4f4df480 nmethod 5400 0x0000020b3bf02c90 code [0x0000020b3bf02ea0, 0x0000020b3bf032b0]
Event: 799.573 Thread 0x0000020b4f4df480 5401       1       org.gradle.internal.logging.events.RenderableOutputEvent::getBuildOperationId (5 bytes)
Event: 799.573 Thread 0x0000020b4f4df480 nmethod 5401 0x0000020b433b9790 code [0x0000020b433b9920, 0x0000020b433b99e8]
Event: 799.580 Thread 0x0000020b4f35ff80 nmethod 5398 0x0000020b433b9a90 code [0x0000020b433b9cc0, 0x0000020b433ba378]

GC Heap History (18 events):
Event: 50.039 GC heap before
{Heap before GC invocations=0 (full 0):
 garbage-first heap   total 229376K, used 13312K [0x0000000080000000, 0x0000000100000000)
  region size 1024K, 13 young (13312K), 0 survivors (0K)
 Metaspace       used 803K, committed 960K, reserved 1114112K
  class space    used 67K, committed 128K, reserved 1048576K
}
Event: 50.117 GC heap after
{Heap after GC invocations=1 (full 0):
 garbage-first heap   total 229376K, used 1280K [0x0000000080000000, 0x0000000100000000)
  region size 1024K, 2 young (2048K), 2 survivors (2048K)
 Metaspace       used 803K, committed 960K, reserved 1114112K
  class space    used 67K, committed 128K, reserved 1048576K
}
Event: 111.272 GC heap before
{Heap before GC invocations=1 (full 0):
 garbage-first heap   total 229376K, used 29952K [0x0000000080000000, 0x0000000100000000)
  region size 1024K, 27 young (27648K), 2 survivors (2048K)
 Metaspace       used 3892K, committed 4032K, reserved 1114112K
  class space    used 488K, committed 576K, reserved 1048576K
}
Event: 111.285 GC heap after
{Heap after GC invocations=2 (full 0):
 garbage-first heap   total 229376K, used 11158K [0x0000000080000000, 0x0000000100000000)
  region size 1024K, 4 young (4096K), 4 survivors (4096K)
 Metaspace       used 3892K, committed 4032K, reserved 1114112K
  class space    used 488K, committed 576K, reserved 1048576K
}
Event: 348.948 GC heap before
{Heap before GC invocations=2 (full 0):
 garbage-first heap   total 229376K, used 145302K [0x0000000080000000, 0x0000000100000000)
  region size 1024K, 134 young (137216K), 4 survivors (4096K)
 Metaspace       used 18724K, committed 19392K, reserved 1114112K
  class space    used 2644K, committed 2944K, reserved 1048576K
}
Event: 348.979 GC heap after
{Heap after GC invocations=3 (full 0):
 garbage-first heap   total 229376K, used 23035K [0x0000000080000000, 0x0000000100000000)
  region size 1024K, 15 young (15360K), 15 survivors (15360K)
 Metaspace       used 18724K, committed 19392K, reserved 1114112K
  class space    used 2644K, committed 2944K, reserved 1048576K
}
Event: 378.189 GC heap before
{Heap before GC invocations=3 (full 0):
 garbage-first heap   total 229376K, used 41467K [0x0000000080000000, 0x0000000100000000)
  region size 1024K, 34 young (34816K), 15 survivors (15360K)
 Metaspace       used 20817K, committed 21504K, reserved 1114112K
  class space    used 2988K, committed 3328K, reserved 1048576K
}
Event: 378.221 GC heap after
{Heap after GC invocations=4 (full 0):
 garbage-first heap   total 229376K, used 25088K [0x0000000080000000, 0x0000000100000000)
  region size 1024K, 2 young (2048K), 2 survivors (2048K)
 Metaspace       used 20817K, committed 21504K, reserved 1114112K
  class space    used 2988K, committed 3328K, reserved 1048576K
}
Event: 459.175 GC heap before
{Heap before GC invocations=5 (full 0):
 garbage-first heap   total 89088K, used 76288K [0x0000000080000000, 0x0000000100000000)
  region size 1024K, 52 young (53248K), 2 survivors (2048K)
 Metaspace       used 27048K, committed 28096K, reserved 1114112K
  class space    used 4037K, committed 4544K, reserved 1048576K
}
Event: 459.186 GC heap after
{Heap after GC invocations=6 (full 0):
 garbage-first heap   total 89088K, used 27136K [0x0000000080000000, 0x0000000100000000)
  region size 1024K, 4 young (4096K), 4 survivors (4096K)
 Metaspace       used 27048K, committed 28096K, reserved 1114112K
  class space    used 4037K, committed 4544K, reserved 1048576K
}
Event: 537.909 GC heap before
{Heap before GC invocations=6 (full 0):
 garbage-first heap   total 89088K, used 73216K [0x0000000080000000, 0x0000000100000000)
  region size 1024K, 50 young (51200K), 4 survivors (4096K)
 Metaspace       used 34436K, committed 35648K, reserved 1114112K
  class space    used 4895K, committed 5504K, reserved 1048576K
}
Event: 537.966 GC heap after
{Heap after GC invocations=7 (full 0):
 garbage-first heap   total 89088K, used 32216K [0x0000000080000000, 0x0000000100000000)
  region size 1024K, 7 young (7168K), 7 survivors (7168K)
 Metaspace       used 34436K, committed 35648K, reserved 1114112K
  class space    used 4895K, committed 5504K, reserved 1048576K
}
Event: 549.826 GC heap before
{Heap before GC invocations=7 (full 0):
 garbage-first heap   total 89088K, used 44504K [0x0000000080000000, 0x0000000100000000)
  region size 1024K, 20 young (20480K), 7 survivors (7168K)
 Metaspace       used 34729K, committed 35968K, reserved 1114112K
  class space    used 4936K, committed 5568K, reserved 1048576K
}
Event: 549.842 GC heap after
{Heap after GC invocations=8 (full 0):
 garbage-first heap   total 89088K, used 33295K [0x0000000080000000, 0x0000000100000000)
  region size 1024K, 2 young (2048K), 2 survivors (2048K)
 Metaspace       used 34729K, committed 35968K, reserved 1114112K
  class space    used 4936K, committed 5568K, reserved 1048576K
}
Event: 620.670 GC heap before
{Heap before GC invocations=9 (full 0):
 garbage-first heap   total 89088K, used 77327K [0x0000000080000000, 0x0000000100000000)
  region size 1024K, 45 young (46080K), 2 survivors (2048K)
 Metaspace       used 37427K, committed 38848K, reserved 1114112K
  class space    used 5404K, committed 6144K, reserved 1048576K
}
Event: 620.678 GC heap after
{Heap after GC invocations=10 (full 0):
 garbage-first heap   total 89088K, used 34560K [0x0000000080000000, 0x0000000100000000)
  region size 1024K, 3 young (3072K), 3 survivors (3072K)
 Metaspace       used 37427K, committed 38848K, reserved 1114112K
  class space    used 5404K, committed 6144K, reserved 1048576K
}
Event: 729.765 GC heap before
{Heap before GC invocations=10 (full 0):
 garbage-first heap   total 89088K, used 79616K [0x0000000080000000, 0x0000000100000000)
  region size 1024K, 46 young (47104K), 3 survivors (3072K)
 Metaspace       used 43416K, committed 44928K, reserved 1114112K
  class space    used 6195K, committed 6976K, reserved 1048576K
}
Event: 729.779 GC heap after
{Heap after GC invocations=11 (full 0):
 garbage-first heap   total 89088K, used 36192K [0x0000000080000000, 0x0000000100000000)
  region size 1024K, 5 young (5120K), 5 survivors (5120K)
 Metaspace       used 43416K, committed 44928K, reserved 1114112K
  class space    used 6195K, committed 6976K, reserved 1048576K
}

Dll operation events (15 events):
Event: 2.839 Loaded shared library C:\Program Files\Java\jdk-21\bin\java.dll
Event: 7.618 Loaded shared library C:\Program Files\Java\jdk-21\bin\jsvml.dll
Event: 16.669 Loaded shared library C:\Program Files\Java\jdk-21\bin\zip.dll
Event: 16.716 Loaded shared library C:\Program Files\Java\jdk-21\bin\instrument.dll
Event: 16.727 Loaded shared library C:\Program Files\Java\jdk-21\bin\net.dll
Event: 16.735 Loaded shared library C:\Program Files\Java\jdk-21\bin\nio.dll
Event: 16.752 Loaded shared library C:\Program Files\Java\jdk-21\bin\zip.dll
Event: 58.619 Loaded shared library C:\Program Files\Java\jdk-21\bin\jimage.dll
Event: 79.261 Loaded shared library C:\Program Files\Java\jdk-21\bin\verify.dll
Event: 91.885 Loaded shared library C:\Users\Cairo\.gradle\native\c067742578af261105cb4f569cf0c3c89f3d7b1fecec35dd04571415982c5e48\windows-amd64\native-platform.dll
Event: 91.915 Loaded shared library C:\Users\Cairo\.gradle\native\100fb08df4bc3b14c8652ba06237920a3bd2aa13389f12d3474272988ae205f9\windows-amd64\native-platform-file-events.dll
Event: 195.005 Loaded shared library C:\Program Files\Java\jdk-21\bin\management.dll
Event: 195.011 Loaded shared library C:\Program Files\Java\jdk-21\bin\management_ext.dll
Event: 207.131 Loaded shared library C:\Program Files\Java\jdk-21\bin\extnet.dll
Event: 219.160 Loaded shared library C:\Program Files\Java\jdk-21\bin\sunmscapi.dll

Deoptimization events (20 events):
Event: 776.462 Thread 0x0000020b96279170 Uncommon trap: trap_request=0xffffffde fr.pc=0x0000020b43220494 relative=0x00000000000002b4
Event: 776.462 Thread 0x0000020b96279170 Uncommon trap: reason=class_check action=maybe_recompile pc=0x0000020b43220494 method=java.util.Collections$SetFromMap.remove(Ljava/lang/Object;)Z @ 5 c2
Event: 776.462 Thread 0x0000020b96279170 DEOPT PACKING pc=0x0000020b43220494 sp=0x00000027768faaa0
Event: 776.462 Thread 0x0000020b96279170 DEOPT UNPACKING pc=0x0000020b42bc46a2 sp=0x00000027768faa88 mode 2
Event: 776.462 Thread 0x0000020b96279170 Uncommon trap: trap_request=0xffffffc6 fr.pc=0x0000020b433116c0 relative=0x0000000000000260
Event: 776.462 Thread 0x0000020b96279170 Uncommon trap: reason=bimorphic_or_optimized_type_check action=maybe_recompile pc=0x0000020b433116c0 method=java.util.Spliterators$IteratorSpliterator.tryAdvance(Ljava/util/function/Consumer;)Z @ 50 c2
Event: 776.462 Thread 0x0000020b96279170 DEOPT PACKING pc=0x0000020b433116c0 sp=0x00000027768fb6e0
Event: 776.462 Thread 0x0000020b96279170 DEOPT UNPACKING pc=0x0000020b42bc46a2 sp=0x00000027768fb680 mode 2
Event: 776.493 Thread 0x0000020b96279170 Uncommon trap: trap_request=0xffffff45 fr.pc=0x0000020b4313a3e0 relative=0x0000000000000a00
Event: 776.493 Thread 0x0000020b96279170 Uncommon trap: reason=unstable_if action=reinterpret pc=0x0000020b4313a3e0 method=java.io.BufferedInputStream.implRead([BII)I @ 55 c2
Event: 776.493 Thread 0x0000020b96279170 DEOPT PACKING pc=0x0000020b4313a3e0 sp=0x00000027768fb0b0
Event: 776.493 Thread 0x0000020b96279170 DEOPT UNPACKING pc=0x0000020b42bc46a2 sp=0x00000027768fb078 mode 2
Event: 788.118 Thread 0x0000020b96279170 Uncommon trap: trap_request=0xffffff45 fr.pc=0x0000020b433b21b8 relative=0x0000000000000158
Event: 788.118 Thread 0x0000020b96279170 Uncommon trap: reason=unstable_if action=reinterpret pc=0x0000020b433b21b8 method=org.antlr.v4.runtime.BufferedTokenStream.lazyInit()V @ 5 c2
Event: 788.118 Thread 0x0000020b96279170 DEOPT PACKING pc=0x0000020b433b21b8 sp=0x00000027768fb350
Event: 788.118 Thread 0x0000020b96279170 DEOPT UNPACKING pc=0x0000020b42bc46a2 sp=0x00000027768fb268 mode 2
Event: 788.201 Thread 0x0000020b96279170 Uncommon trap: trap_request=0xffffffde fr.pc=0x0000020b4333cf40 relative=0x00000000000028a0
Event: 788.201 Thread 0x0000020b96279170 Uncommon trap: reason=class_check action=maybe_recompile pc=0x0000020b4333cf40 method=java.util.regex.Pattern$CharProperty.study(Ljava/util/regex/Pattern$TreeInfo;)Z @ 25 c2
Event: 788.201 Thread 0x0000020b96279170 DEOPT PACKING pc=0x0000020b4333cf40 sp=0x00000027768f9fa0
Event: 788.201 Thread 0x0000020b96279170 DEOPT UNPACKING pc=0x0000020b42bc46a2 sp=0x00000027768f9e98 mode 2

Classes loaded (20 events):
Event: 776.483 Loading class sun/nio/ch/Streams
Event: 776.484 Loading class sun/nio/ch/Streams done
Event: 776.484 Loading class sun/nio/ch/ChannelInputStream
Event: 776.484 Loading class sun/nio/ch/ChannelInputStream done
Event: 776.487 Loading class java/nio/channels/Channels$ReadableByteChannelImpl
Event: 776.488 Loading class java/nio/channels/Channels$ReadableByteChannelImpl done
Event: 776.665 Loading class java/util/EmptyStackException
Event: 776.666 Loading class java/util/EmptyStackException done
Event: 776.681 Loading class java/io/InvalidClassException
Event: 776.681 Loading class java/io/InvalidClassException done
Event: 791.932 Loading class java/util/Comparators$NaturalOrderComparator
Event: 791.932 Loading class java/util/Comparators$NaturalOrderComparator done
Event: 799.564 Loading class java/util/logging/LogRecord
Event: 799.565 Loading class java/util/logging/LogRecord done
Event: 799.576 Loading class java/io/ObjectOutputStream$BlockDataOutputStream
Event: 799.576 Loading class java/io/ObjectOutputStream$BlockDataOutputStream done
Event: 799.576 Loading class java/io/ObjectOutputStream$HandleTable
Event: 799.577 Loading class java/io/ObjectOutputStream$HandleTable done
Event: 799.577 Loading class java/io/ObjectOutputStream$ReplaceTable
Event: 799.577 Loading class java/io/ObjectOutputStream$ReplaceTable done

Classes unloaded (0 events):
No events

Classes redefined (0 events):
No events

Internal exceptions (20 events):
Event: 636.454 Thread 0x0000020b96279170 Exception <a 'java/lang/NoSuchMethodError'{0x000000008514a828}: 'java.lang.Object java.lang.invoke.DirectMethodHandle$Holder.newInvokeSpecial(java.lang.Object, java.lang.Object, java.lang.Object, java.lang.Object, java.lang.Object, java.lang.Object, java.lang.Object, java.lang.Object, java.lang.Object, java.lang.Object, java.lang.Object, java.lang.Object, java.lang.Object, java.lang.Object, java.lang.Object, java.lang.Object, java.lang.Object, java.lang.Object, java.lang.Object, java.lang.Object, java.lang
Event: 644.424 Thread 0x0000020b96279170 Implicit null exception at 0x0000020b432fc3fc to 0x0000020b432fc4b4
Event: 656.095 Thread 0x0000020b96279170 Exception <a 'java/lang/NoSuchMethodError'{0x0000000084700b18}: 'java.lang.Object java.lang.invoke.DirectMethodHandle$Holder.newInvokeSpecial(java.lang.Object, java.lang.Object, java.lang.Object, java.lang.Object, java.lang.Object, java.lang.Object, java.lang.Object, java.lang.Object, java.lang.Object, java.lang.Object, java.lang.Object, java.lang.Object, java.lang.Object, java.lang.Object, java.lang.Object, java.lang.Object, java.lang.Object, java.lang.Object, java.lang.Object)'> (0x0000000084700b18) 
thr
Event: 656.096 Thread 0x0000020b96279170 Exception <a 'java/lang/NoSuchMethodError'{0x0000000084707498}: 'java.lang.Object java.lang.invoke.DirectMethodHandle$Holder.invokeSpecial(java.lang.Object, java.lang.Object, java.lang.Object, java.lang.Object, java.lang.Object, java.lang.Object, java.lang.Object, java.lang.Object, java.lang.Object, java.lang.Object, java.lang.Object, java.lang.Object, java.lang.Object, java.lang.Object, java.lang.Object, java.lang.Object, java.lang.Object, java.lang.Object, java.lang.Object, java.lang.Object)'> (0x0000000
Event: 656.096 Thread 0x0000020b96279170 Exception <a 'java/lang/NoSuchMethodError'{0x000000008470ccd8}: 'java.lang.Object java.lang.invoke.DelegatingMethodHandle$Holder.reinvoke_L(java.lang.Object, java.lang.Object, java.lang.Object, java.lang.Object, java.lang.Object, java.lang.Object, java.lang.Object, java.lang.Object, java.lang.Object, java.lang.Object, java.lang.Object, java.lang.Object, java.lang.Object, java.lang.Object, java.lang.Object, java.lang.Object, java.lang.Object, java.lang.Object, java.lang.Object)'> (0x000000008470ccd8) 
throw
Event: 659.976 Thread 0x0000020b96279170 Exception <a 'java/lang/IncompatibleClassChangeError'{0x00000000847df8b0}: Found class java.lang.Object, but interface was expected> (0x00000000847df8b0) 
thrown [s\open\src\hotspot\share\interpreter\linkResolver.cpp, line 840]
Event: 660.111 Thread 0x0000020b96279170 Exception <a 'java/lang/NoSuchMethodError'{0x00000000847f57a8}: 'java.lang.Object java.lang.invoke.DirectMethodHandle$Holder.invokeVirtual(java.lang.Object, java.lang.Object, java.lang.Object, java.lang.Object, java.lang.Object, java.lang.Object, java.lang.Object, java.lang.Object, java.lang.Object, java.lang.Object, java.lang.Object, java.lang.Object, java.lang.Object)'> (0x00000000847f57a8) 
thrown [s\open\src\hotspot\share\interpreter\linkResolver.cpp, line 773]
Event: 668.022 Thread 0x0000020b96279170 Exception <a 'java/lang/NoSuchMethodError'{0x000000008435b660}: 'java.lang.Object java.lang.invoke.DirectMethodHandle$Holder.newInvokeSpecial(java.lang.Object, int, java.lang.Object)'> (0x000000008435b660) 
thrown [s\open\src\hotspot\share\interpreter\linkResolver.cpp, line 773]
Event: 679.554 Thread 0x0000020b96279170 Exception <a 'java/lang/NoSuchMethodError'{0x00000000841b6c28}: 'java.lang.Object java.lang.invoke.DirectMethodHandle$Holder.invokeSpecial(java.lang.Object, java.lang.Object, long, java.lang.Object, java.lang.Object)'> (0x00000000841b6c28) 
thrown [s\open\src\hotspot\share\interpreter\linkResolver.cpp, line 773]
Event: 683.381 Thread 0x0000020b96279170 Exception <a 'java/lang/NoSuchMethodError'{0x00000000840903a0}: 'java.lang.Object java.lang.invoke.DirectMethodHandle$Holder.newInvokeSpecial(java.lang.Object, java.lang.Object, int, java.lang.Object)'> (0x00000000840903a0) 
thrown [s\open\src\hotspot\share\interpreter\linkResolver.cpp, line 773]
Event: 683.382 Thread 0x0000020b96279170 Exception <a 'java/lang/NoSuchMethodError'{0x0000000084094b90}: 'java.lang.Object java.lang.invoke.DirectMethodHandle$Holder.invokeSpecial(java.lang.Object, java.lang.Object, java.lang.Object, int, java.lang.Object)'> (0x0000000084094b90) 
thrown [s\open\src\hotspot\share\interpreter\linkResolver.cpp, line 773]
Event: 764.756 Thread 0x0000020b96279170 Exception <a 'sun/nio/fs/WindowsException'{0x0000000084486f40}> (0x0000000084486f40) 
thrown [s\open\src\hotspot\share\prims\jni.cpp, line 520]
Event: 764.756 Thread 0x0000020b96279170 Exception <a 'sun/nio/fs/WindowsException'{0x00000000844885e8}> (0x00000000844885e8) 
thrown [s\open\src\hotspot\share\prims\jni.cpp, line 520]
Event: 764.902 Thread 0x0000020b96279170 Exception <a 'java/lang/NoSuchMethodError'{0x00000000842afff0}: 'java.lang.Object java.lang.invoke.DirectMethodHandle$Holder.newInvokeSpecial(java.lang.Object, java.lang.Object, java.lang.Object, int)'> (0x00000000842afff0) 
thrown [s\open\src\hotspot\share\interpreter\linkResolver.cpp, line 773]
Event: 764.904 Thread 0x0000020b96279170 Exception <a 'java/lang/NoSuchMethodError'{0x00000000842b4830}: 'java.lang.Object java.lang.invoke.DirectMethodHandle$Holder.invokeSpecial(java.lang.Object, java.lang.Object, java.lang.Object, java.lang.Object, int)'> (0x00000000842b4830) 
thrown [s\open\src\hotspot\share\interpreter\linkResolver.cpp, line 773]
Event: 764.904 Thread 0x0000020b96279170 Exception <a 'java/lang/NoSuchMethodError'{0x00000000842b89d8}: 'java.lang.Object java.lang.invoke.Invokers$Holder.linkToTargetMethod(java.lang.Object, java.lang.Object, int, java.lang.Object)'> (0x00000000842b89d8) 
thrown [s\open\src\hotspot\share\interpreter\linkResolver.cpp, line 773]
Event: 768.826 Thread 0x0000020b96279170 Exception <a 'sun/nio/fs/WindowsException'{0x000000008416d220}> (0x000000008416d220) 
thrown [s\open\src\hotspot\share\prims\jni.cpp, line 520]
Event: 776.457 Thread 0x0000020b96279170 Exception <a 'java/lang/NoSuchMethodError'{0x0000000083f786d0}: 'int java.lang.invoke.DirectMethodHandle$Holder.invokeInterface(java.lang.Object, java.lang.Object, java.lang.Object, java.lang.Object, java.lang.Object)'> (0x0000000083f786d0) 
thrown [s\open\src\hotspot\share\interpreter\linkResolver.cpp, line 773]
Event: 776.458 Thread 0x0000020b96279170 Exception <a 'java/lang/IncompatibleClassChangeError'{0x0000000083f81798}: Found class java.lang.Object, but interface was expected> (0x0000000083f81798) 
thrown [s\open\src\hotspot\share\interpreter\linkResolver.cpp, line 840]
Event: 799.570 Thread 0x0000020b96279170 Exception <a 'net/rubygrapefruit/platform/NativeException'{0x00000000837e99b8}: Execution timed out> (0x00000000837e99b8) 
thrown [s\open\src\hotspot\share\prims\jni.cpp, line 539]

ZGC Phase Switch (0 events):
No events

VM Operations (20 events):
Event: 760.876 Executing VM operation: Cleanup
Event: 760.891 Executing VM operation: Cleanup done
Event: 764.751 Executing VM operation: Cleanup
Event: 764.755 Executing VM operation: Cleanup done
Event: 768.692 Executing VM operation: Cleanup
Event: 768.758 Executing VM operation: Cleanup done
Event: 772.503 Executing VM operation: Cleanup
Event: 772.532 Executing VM operation: Cleanup done
Event: 776.479 Executing VM operation: Cleanup
Event: 776.483 Executing VM operation: Cleanup done
Event: 780.326 Executing VM operation: Cleanup
Event: 780.375 Executing VM operation: Cleanup done
Event: 784.214 Executing VM operation: Cleanup
Event: 784.215 Executing VM operation: Cleanup done
Event: 788.051 Executing VM operation: Cleanup
Event: 788.076 Executing VM operation: Cleanup done
Event: 791.850 Executing VM operation: Cleanup
Event: 791.884 Executing VM operation: Cleanup done
Event: 795.740 Executing VM operation: Cleanup
Event: 795.741 Executing VM operation: Cleanup done

Events (20 events):
Event: 553.693 Thread 0x0000020b4f33b070 flushing nmethod 0x0000020b43137e10
Event: 553.693 Thread 0x0000020b4f33b070 flushing nmethod 0x0000020b43135610
Event: 553.693 Thread 0x0000020b4f33b070 flushing nmethod 0x0000020b43134890
Event: 553.693 Thread 0x0000020b4f33b070 flushing nmethod 0x0000020b43131a10
Event: 553.693 Thread 0x0000020b4f33b070 flushing nmethod 0x0000020b43130610
Event: 553.693 Thread 0x0000020b4f33b070 flushing nmethod 0x0000020b4312f590
Event: 553.693 Thread 0x0000020b4f33b070 flushing nmethod 0x0000020b4312f010
Event: 553.693 Thread 0x0000020b4f33b070 flushing nmethod 0x0000020b4312e410
Event: 553.693 Thread 0x0000020b4f33b070 flushing nmethod 0x0000020b4312d590
Event: 553.693 Thread 0x0000020b4f33b070 flushing nmethod 0x0000020b4312b390
Event: 553.693 Thread 0x0000020b4f33b070 flushing nmethod 0x0000020b43126110
Event: 553.693 Thread 0x0000020b4f33b070 flushing nmethod 0x0000020b4311e210
Event: 553.693 Thread 0x0000020b4f33b070 flushing nmethod 0x0000020b4311c490
Event: 553.693 Thread 0x0000020b4f33b070 flushing nmethod 0x0000020b43119190
Event: 581.634 Thread 0x0000020b4f662b80 Thread added: 0x0000020b4f662b80
Event: 582.077 Thread 0x0000020b4f662b80 Thread exited: 0x0000020b4f662b80
Event: 585.970 Thread 0x0000020b4f662b80 Thread added: 0x0000020b4f662b80
Event: 601.320 Thread 0x0000020b4f662b80 Thread exited: 0x0000020b4f662b80
Event: 663.776 Thread 0x0000020b4f731260 Thread added: 0x0000020b4f731260
Event: 698.929 Thread 0x0000020b4f731260 Thread exited: 0x0000020b4f731260


Dynamic libraries:
0x00007ff7160c0000 - 0x00007ff7160d0000 	C:\Program Files\Java\jdk-21\bin\java.exe
0x00007ffab0060000 - 0x00007ffab02c0000 	C:\WINDOWS\SYSTEM32\ntdll.dll
0x00007ffaafa10000 - 0x00007ffaafad7000 	C:\WINDOWS\System32\KERNEL32.DLL
0x00007ffaad5b0000 - 0x00007ffaad97b000 	C:\WINDOWS\System32\KERNELBASE.dll
0x00007ffaadb20000 - 0x00007ffaadc6b000 	C:\WINDOWS\System32\ucrtbase.dll
0x00007ffa4e900000 - 0x00007ffa4e919000 	C:\Program Files\Java\jdk-21\bin\jli.dll
0x00007ffaafc30000 - 0x00007ffaafce3000 	C:\WINDOWS\System32\ADVAPI32.dll
0x00007ffaaf570000 - 0x00007ffaaf619000 	C:\WINDOWS\System32\msvcrt.dll
0x00007ffaaebd0000 - 0x00007ffaaec76000 	C:\WINDOWS\System32\sechost.dll
0x00007ffaaecc0000 - 0x00007ffaaedd6000 	C:\WINDOWS\System32\RPCRT4.dll
0x00007ffaafcf0000 - 0x00007ffaafebc000 	C:\WINDOWS\System32\USER32.dll
0x00007ffaad980000 - 0x00007ffaad9a7000 	C:\WINDOWS\System32\win32u.dll
0x00007ffaaede0000 - 0x00007ffaaee0a000 	C:\WINDOWS\System32\GDI32.dll
0x00007ffaadd20000 - 0x00007ffaade51000 	C:\WINDOWS\System32\gdi32full.dll
0x00007ffaadc70000 - 0x00007ffaadd13000 	C:\WINDOWS\System32\msvcp_win.dll
0x00007ffa4ce10000 - 0x00007ffa4ce2b000 	C:\Program Files\Java\jdk-21\bin\VCRUNTIME140.dll
0x00007ffa91670000 - 0x00007ffa91907000 	C:\WINDOWS\WinSxS\amd64_microsoft.windows.common-controls_6595b64144ccf1df_6.0.26100.3624_none_3e086962e3345f24\COMCTL32.dll
0x00007ffaa69a0000 - 0x00007ffaa69ab000 	C:\WINDOWS\SYSTEM32\VERSION.dll
0x00007ffaaee10000 - 0x00007ffaaee3f000 	C:\WINDOWS\System32\IMM32.DLL
0x00007ffa58f20000 - 0x00007ffa58f2c000 	C:\Program Files\Java\jdk-21\bin\vcruntime140_1.dll
0x00007ffa01590000 - 0x00007ffa0161e000 	C:\Program Files\Java\jdk-21\bin\msvcp140.dll
0x00007ff9bc440000 - 0x00007ff9bd157000 	C:\Program Files\Java\jdk-21\bin\server\jvm.dll
0x00007ffaaea20000 - 0x00007ffaaea94000 	C:\WINDOWS\System32\WS2_32.dll
0x00007ffaad0c0000 - 0x00007ffaad11e000 	C:\WINDOWS\SYSTEM32\POWRPROF.dll
0x00007ffaa6960000 - 0x00007ffaa6996000 	C:\WINDOWS\SYSTEM32\WINMM.dll
0x00007ffaad0a0000 - 0x00007ffaad0b4000 	C:\WINDOWS\SYSTEM32\UMPDC.dll
0x00007ffaac050000 - 0x00007ffaac06a000 	C:\WINDOWS\SYSTEM32\kernel.appcore.dll
0x00007ffa4d260000 - 0x00007ffa4d26a000 	C:\Program Files\Java\jdk-21\bin\jimage.dll
0x00007ffaa0240000 - 0x00007ffaa0481000 	C:\WINDOWS\SYSTEM32\DBGHELP.DLL
0x00007ffaaf030000 - 0x00007ffaaf3b3000 	C:\WINDOWS\System32\combase.dll
0x00007ffaaf900000 - 0x00007ffaaf9d6000 	C:\WINDOWS\System32\OLEAUT32.dll
0x00007ffa90650000 - 0x00007ffa90689000 	C:\WINDOWS\SYSTEM32\dbgcore.DLL
0x00007ffaad2d0000 - 0x00007ffaad369000 	C:\WINDOWS\System32\bcryptPrimitives.dll
0x00007ffa48140000 - 0x00007ffa4814f000 	C:\Program Files\Java\jdk-21\bin\instrument.dll
0x00007ffa4cdf0000 - 0x00007ffa4ce0f000 	C:\Program Files\Java\jdk-21\bin\java.dll
0x00007ffaade60000 - 0x00007ffaae589000 	C:\WINDOWS\System32\SHELL32.dll
0x00007ffaad9b0000 - 0x00007ffaadb18000 	C:\WINDOWS\System32\wintypes.dll
0x00007ffaaaee0000 - 0x00007ffaab732000 	C:\WINDOWS\SYSTEM32\windows.storage.dll
0x00007ffaafae0000 - 0x00007ffaafbcd000 	C:\WINDOWS\System32\SHCORE.dll
0x00007ffaaeb50000 - 0x00007ffaaebb4000 	C:\WINDOWS\System32\shlwapi.dll
0x00007ffaad150000 - 0x00007ffaad17f000 	C:\WINDOWS\SYSTEM32\profapi.dll
0x00007ffa014b0000 - 0x00007ffa01587000 	C:\Program Files\Java\jdk-21\bin\jsvml.dll
0x00007ffa48190000 - 0x00007ffa481a8000 	C:\Program Files\Java\jdk-21\bin\zip.dll
0x00007ffa4cde0000 - 0x00007ffa4cdf0000 	C:\Program Files\Java\jdk-21\bin\net.dll
0x00007ffaa0f40000 - 0x00007ffaa105d000 	C:\WINDOWS\SYSTEM32\WINHTTP.dll
0x00007ffaac570000 - 0x00007ffaac5da000 	C:\WINDOWS\system32\mswsock.dll
0x00007ffa4bea0000 - 0x00007ffa4beb6000 	C:\Program Files\Java\jdk-21\bin\nio.dll
0x00007ffa4cdd0000 - 0x00007ffa4cde0000 	C:\Program Files\Java\jdk-21\bin\verify.dll
0x00007ffa96c60000 - 0x00007ffa96c87000 	C:\Users\Cairo\.gradle\native\c067742578af261105cb4f569cf0c3c89f3d7b1fecec35dd04571415982c5e48\windows-amd64\native-platform.dll
0x00007ffa4c540000 - 0x00007ffa4c684000 	C:\Users\Cairo\.gradle\native\100fb08df4bc3b14c8652ba06237920a3bd2aa13389f12d3474272988ae205f9\windows-amd64\native-platform-file-events.dll
0x00007ffa48170000 - 0x00007ffa4817a000 	C:\Program Files\Java\jdk-21\bin\management.dll
0x00007ffa48160000 - 0x00007ffa4816b000 	C:\Program Files\Java\jdk-21\bin\management_ext.dll
0x00007ffaaebc0000 - 0x00007ffaaebc8000 	C:\WINDOWS\System32\PSAPI.DLL
0x00007ffaac810000 - 0x00007ffaac82c000 	C:\WINDOWS\SYSTEM32\CRYPTSP.dll
0x00007ffaabfb0000 - 0x00007ffaabfea000 	C:\WINDOWS\system32\rsaenh.dll
0x00007ffaac610000 - 0x00007ffaac63b000 	C:\WINDOWS\SYSTEM32\USERENV.dll
0x00007ffaaca50000 - 0x00007ffaaca76000 	C:\WINDOWS\SYSTEM32\bcrypt.dll
0x00007ffaac830000 - 0x00007ffaac83c000 	C:\WINDOWS\SYSTEM32\CRYPTBASE.dll
0x00007ffaaba90000 - 0x00007ffaabac3000 	C:\WINDOWS\SYSTEM32\IPHLPAPI.DLL
0x00007ffaafa00000 - 0x00007ffaafa0a000 	C:\WINDOWS\System32\NSI.dll
0x00007ffa48150000 - 0x00007ffa48159000 	C:\Program Files\Java\jdk-21\bin\extnet.dll
0x00007ffa48130000 - 0x00007ffa4813e000 	C:\Program Files\Java\jdk-21\bin\sunmscapi.dll
0x00007ffaad430000 - 0x00007ffaad5a7000 	C:\WINDOWS\System32\CRYPT32.dll
0x00007ffaaca10000 - 0x00007ffaaca40000 	C:\WINDOWS\SYSTEM32\ncrypt.dll
0x00007ffaac9c0000 - 0x00007ffaac9ff000 	C:\WINDOWS\SYSTEM32\NTASN1.dll
0x00007ffa4ed40000 - 0x00007ffa4ed48000 	C:\WINDOWS\system32\wshunix.dll

dbghelp: loaded successfully - version: 4.0.5 - missing functions: none
symbol engine: initialized successfully - sym options: 0x614 - pdb path: .;C:\Program Files\Java\jdk-21\bin;C:\WINDOWS\SYSTEM32;C:\WINDOWS\WinSxS\amd64_microsoft.windows.common-controls_6595b64144ccf1df_6.0.26100.3624_none_3e086962e3345f24;C:\Program Files\Java\jdk-21\bin\server;C:\Users\Cairo\.gradle\native\c067742578af261105cb4f569cf0c3c89f3d7b1fecec35dd04571415982c5e48\windows-amd64;C:\Users\Cairo\.gradle\native\100fb08df4bc3b14c8652ba06237920a3bd2aa13389f12d3474272988ae205f9\windows-amd64

VM Arguments:
jvm_args: --add-opens=java.base/java.util=ALL-UNNAMED --add-opens=java.base/java.lang=ALL-UNNAMED --add-opens=java.base/java.lang.invoke=ALL-UNNAMED --add-opens=java.prefs/java.util.prefs=ALL-UNNAMED --add-exports=jdk.compiler/com.sun.tools.javac.api=ALL-UNNAMED --add-exports=jdk.compiler/com.sun.tools.javac.util=ALL-UNNAMED --add-opens=java.base/java.nio.charset=ALL-UNNAMED --add-opens=java.base/java.net=ALL-UNNAMED --add-opens=java.base/java.util.concurrent.atomic=ALL-UNNAMED -Xmx2048m -Dfile.encoding=UTF-8 -Duser.country=US -Duser.language=en -Duser.variant -javaagent:C:\Users\Cairo\.gradle\wrapper\dists\gradle-8.10.2-bin\a04bxjujx95o3nb99gddekhwo\gradle-8.10.2\lib\agents\gradle-instrumentation-agent-8.10.2.jar 
java_command: org.gradle.launcher.daemon.bootstrap.GradleDaemon 8.10.2
java_class_path (initial): C:\Users\Cairo\.gradle\wrapper\dists\gradle-8.10.2-bin\a04bxjujx95o3nb99gddekhwo\gradle-8.10.2\lib\gradle-daemon-main-8.10.2.jar
Launcher Type: SUN_STANDARD

[Global flags]
     intx CICompilerCount                          = 3                                         {product} {ergonomic}
     uint ConcGCThreads                            = 1                                         {product} {ergonomic}
     uint G1ConcRefinementThreads                  = 4                                         {product} {ergonomic}
   size_t G1HeapRegionSize                         = 1048576                                   {product} {ergonomic}
    uintx GCDrainStackTargetSize                   = 64                                        {product} {ergonomic}
   size_t InitialHeapSize                          = 234881024                                 {product} {ergonomic}
   size_t MarkStackSize                            = 4194304                                   {product} {ergonomic}
   size_t MaxHeapSize                              = 2147483648                                {product} {command line}
   size_t MaxNewSize                               = 1287651328                                {product} {ergonomic}
   size_t MinHeapDeltaBytes                        = 1048576                                   {product} {ergonomic}
   size_t MinHeapSize                              = 8388608                                   {product} {ergonomic}
    uintx NonNMethodCodeHeapSize                   = 5832780                                {pd product} {ergonomic}
    uintx NonProfiledCodeHeapSize                  = 122912730                              {pd product} {ergonomic}
    uintx ProfiledCodeHeapSize                     = 122912730                              {pd product} {ergonomic}
    uintx ReservedCodeCacheSize                    = 251658240                              {pd product} {ergonomic}
     bool SegmentedCodeCache                       = true                                      {product} {ergonomic}
   size_t SoftMaxHeapSize                          = 2147483648                             {manageable} {ergonomic}
     bool UseCompressedOops                        = true                           {product lp64_product} {ergonomic}
     bool UseG1GC                                  = true                                      {product} {ergonomic}
     bool UseLargePagesIndividualAllocation        = false                                  {pd product} {ergonomic}

Logging:
Log output configuration:
 #0: stdout all=warning uptime,level,tags foldmultilines=false
 #1: stderr all=off uptime,level,tags foldmultilines=false

Environment Variables:
CLASSPATH=C:\Users\Cairo\Documents\ThoughtBattle\\gradle\wrapper\gradle-wrapper.jar
PATH=C:\Program Files\Microsoft SDKs\Azure\CLI2\wbin;C:\Program Files (x86)\Common Files\Intel\Shared Libraries\redist\intel64\compiler;C:\Program Files\Common Files\Oracle\Java\javapath;C:\WINDOWS\system32;C:\WINDOWS;C:\WINDOWS\System32\Wbem;C:\WINDOWS\System32\WindowsPowerShell\v1.0\;C:\WINDOWS\System32\OpenSSH\;C:\Program Files\Git\cmd;C:\Program Files\dotnet\;C:\Program Files\7-Zip;C:\ProgramData\chocolatey\bin;C:\Program Files\Go\bin;C:\Program Files\Java\jdk-21\bin;C:\Program Files\Docker\Docker\resources\bin;C:\Users\Cairo\AppData\Roaming\nvm;C:\Program Files\nodejs;C:\Users\Cairo\AppData\Local\Programs\Python\Python311\Scripts\;C:\Users\Cairo\AppData\Local\Programs\Python\Python311\;C:\Users\Cairo\AppData\Local\Programs\Python\Python312\Scripts\;C:\Users\Cairo\AppData\Local\Programs\Python\Python312\;C:\Users\Cairo\AppData\Local\Programs\Python\Launcher\;C:\Users\Cairo\AppData\Local\Microsoft\WindowsApps;C:\Users\Cairo\AppData\Roaming\npm;C:\Users\Cairo\AppData\Local\Programs\Microsoft VS Code\bin;C:\Program Files\heroku\bin;C:\Users\Cairo\.dotnet\tools;C:\Users\Cairo\AppData\Local\Programs\oh-my-posh\bin;C:\Users\Cairo\AppData\Local\Pandoc\;C:\Users\Cairo\AppData\Local\Programs\MiKTeX\miktex\bin\x64\;C:\texlive\2023\bin\windows;C:\texlive\2023\bin\windows\xelatex.exe;C:\ProgramData\Cairo\GitHubDesktop\bin;C:\Users\Cairo\AppData\Local\GitHubDesktop\bin;C:\Program Files\OpenSSL-Win64\bin;C:\Program Files\OpenSSL-Win64\bin\openssl.exe;C:\Users\Cairo\go\bin;C:\Program Files\Java\jdk-21\bin;C:\Users\Cairo\AppData\Roaming\nvm;C:\Program Files\nodejs;
USERNAME=Cairo
OS=Windows_NT
PROCESSOR_IDENTIFIER=AMD64 Family 23 Model 24 Stepping 1, AuthenticAMD
TMP=C:\Users\Cairo\AppData\Local\Temp
TEMP=C:\Users\Cairo\AppData\Local\Temp




Periodic native trim disabled

---------------  S Y S T E M  ---------------

OS:
 Windows 11 , 64 bit Build 26100 (10.0.26100.3624)
OS uptime: 0 days 1:28 hours
Hyper-V role detected

CPU: total 4 (initial active 4) (4 cores per cpu, 2 threads per core) family 23 model 24 stepping 1 microcode 0x8108109, cx8, cmov, fxsr, ht, mmx, 3dnowpref, sse, sse2, sse3, ssse3, sse4a, sse4.1, sse4.2, popcnt, lzcnt, tsc, tscinvbit, avx, avx2, aes, clmul, bmi1, bmi2, adx, sha, fma, vzeroupper, clflush, clflushopt, hv, rdtscp, f16c
Processor Information for all 4 processors :
  Max Mhz: 2400, Current Mhz: 2400, Mhz Limit: 2400

Memory: 4k page, system-wide physical 14255M (2227M free)
TotalPageFile size 32687M (AvailPageFile size 16530M)
current process WorkingSet (physical memory assigned to process): 233M, peak: 271M
current process commit charge ("private bytes"): 266M, peak: 374M

vm_info: Java HotSpot(TM) 64-Bit Server VM (21.0.2+13-LTS-58) for windows-amd64 JRE (21.0.2+13-LTS-58), built on 2024-01-05T18:32:24Z by "mach5one" with MS VC++ 17.1 (VS2022)

END.
